<?xml version="1.0" encoding="UTF-8"?>
<!-- Generated by org.testng.reporters.JUnitXMLReporter -->
<testsuite ignored="0" hostname="MacBooks-MBP.fios-router.home" failures="0" tests="3" name="Default test" time="23.177" errors="0" timestamp="14 Dec 2020 04:54:41 GMT">
  <testcase classname="com.qa.rf.TestPages.RegisterPageTest" name="Enterinfo" time="1.76"/>
  <testcase classname="com.qa.rf.TestPages.RegisterPageTest" name="changecc" time="6.831"/>
  <testcase classname="com.qa.rf.TestPages.RegisterPageTest" name="validatetitle" time="0.015"/>
</testsuite> <!-- Default test -->
