<?xml version="1.0" encoding="UTF-8"?>
<!-- Generated by org.testng.reporters.JUnitXMLReporter -->
<testsuite ignored="0" hostname="MacBooks-MBP.fios-router.home" failures="0" tests="3" name="Default test" time="20.273" errors="0" timestamp="14 Dec 2020 05:52:31 GMT">
  <testcase classname="com.qa.rf.TestPages.RegisterPageTest" name="Enterinfo" time="0.0">
    <skipped/>
  </testcase> <!-- Enterinfo -->
  <testcase classname="com.qa.rf.TestPages.RegisterPageTest" name="changecc" time="8.208"/>
  <testcase classname="com.qa.rf.TestPages.RegisterPageTest" name="validatetitle" time="0.021"/>
</testsuite> <!-- Default test -->
