<?xml version="1.0" encoding="UTF-8"?>
<testng-results ignored="0" total="3" passed="3" failed="0" skipped="0">
  <reporter-output>
  </reporter-output>
  <suite started-at="2020-12-14T04:54:18Z" name="Default suite" finished-at="2020-12-14T04:54:41Z" duration-ms="23177">
    <groups>
    </groups>
    <test started-at="2020-12-14T04:54:18Z" name="Default test" finished-at="2020-12-14T04:54:41Z" duration-ms="23177">
      <class name="com.qa.rf.TestPages.RegisterPageTest">
        <test-method is-config="true" signature="setup()[pri:0, instance:com.qa.rf.TestPages.RegisterPageTest@398dada8]" started-at="2020-12-13T23:54:18Z" name="setup" finished-at="2020-12-13T23:54:24Z" duration-ms="5620" status="PASS">
          <reporter-output>
          </reporter-output>
        </test-method> <!-- setup -->
        <test-method signature="Enterinfo()[pri:0, instance:com.qa.rf.TestPages.RegisterPageTest@398dada8]" started-at="2020-12-13T23:54:24Z" name="Enterinfo" finished-at="2020-12-13T23:54:26Z" duration-ms="1760" status="PASS">
          <reporter-output>
          </reporter-output>
        </test-method> <!-- Enterinfo -->
        <test-method is-config="true" signature="setup()[pri:0, instance:com.qa.rf.TestPages.RegisterPageTest@398dada8]" started-at="2020-12-13T23:54:26Z" name="setup" finished-at="2020-12-13T23:54:30Z" duration-ms="4520" status="PASS">
          <reporter-output>
          </reporter-output>
        </test-method> <!-- setup -->
        <test-method signature="changecc()[pri:0, instance:com.qa.rf.TestPages.RegisterPageTest@398dada8]" started-at="2020-12-13T23:54:30Z" name="changecc" finished-at="2020-12-13T23:54:37Z" duration-ms="6831" status="PASS">
          <reporter-output>
          </reporter-output>
        </test-method> <!-- changecc -->
        <test-method is-config="true" signature="setup()[pri:0, instance:com.qa.rf.TestPages.RegisterPageTest@398dada8]" started-at="2020-12-13T23:54:37Z" name="setup" finished-at="2020-12-13T23:54:41Z" duration-ms="4395" status="PASS">
          <reporter-output>
          </reporter-output>
        </test-method> <!-- setup -->
        <test-method signature="validatetitle()[pri:0, instance:com.qa.rf.TestPages.RegisterPageTest@398dada8]" started-at="2020-12-13T23:54:41Z" name="validatetitle" finished-at="2020-12-13T23:54:41Z" duration-ms="15" status="PASS">
          <reporter-output>
          </reporter-output>
        </test-method> <!-- validatetitle -->
      </class> <!-- com.qa.rf.TestPages.RegisterPageTest -->
    </test> <!-- Default test -->
  </suite> <!-- Default suite -->
</testng-results>
